<?xml version="1.0" encoding="UTF-8"?>
<!-- Generated by org.testng.reporters.JUnitXMLReporter -->
<testsuite ignored="0" hostname="DESKTOP-RMQEJFF" failures="0" tests="7" name="Test" time="22.348" errors="0" timestamp="2020-11-29T16:35:05 CST">
  <testcase classname="android.cell.MobileTest" name="androidMobile" time="7.401"/>
  <testcase classname="android.cell.MobileTest" name="androidTablet" time="7.495"/>
  <testcase classname="android.cell.MobileTest" name="tearDown" time="2.084"/>
  <testcase classname="android.cell.ApiFramework" name="myApiOne" time="0.003"/>
  <testcase classname="android.cell.ApiFramework" name="myApiTwo" time="0.007"/>
  <testcase classname="android.cell.WebAppTest" name="webAppOne" time="0.003"/>
  <testcase classname="android.cell.WebAppTest" name="webAppTwo" time="0.002"/>
</testsuite> <!-- Test -->
