<?xml version="1.0" encoding="UTF-8"?>
<!-- Generated by org.testng.reporters.JUnitXMLReporter -->
<testsuite ignored="0" hostname="DESKTOP-RMQEJFF" failures="1" tests="5" name="Command line test" time="27.973" errors="0" timestamp="2020-11-29T16:58:01 CST">
  <testcase classname="android.cell.MobileTest" name="androidMobile" time="0.003"/>
  <testcase classname="android.cell.MobileTest" name="androidTablet" time="0.391">
    <failure type="org.junit.ComparisonFailure" message="expected:&amp;lt;[Amazon.com: Online Shopping for Electronics, Apparel, Computers, Books, DVDs &amp;amp; more]&amp;gt; but was:&amp;lt;[CNN - Breaking News, Latest News and Videos]&amp;gt;">
      <![CDATA[org.junit.ComparisonFailure: expected:<[Amazon.com: Online Shopping for Electronics, Apparel, Computers, Books, DVDs & more]> but was:<[CNN - Breaking News, Latest News and Videos]>
at org.junit.Assert.assertEquals(Assert.java:115)
at org.junit.Assert.assertEquals(Assert.java:144)
at android.cell.MobileTest.androidTablet(MobileTest.java:35)
at java.base/java.util.ArrayList.forEach(ArrayList.java:1511)
... Removed 37 stack frames]]>
    </failure>
  </testcase> <!-- androidTablet -->
  <testcase classname="android.cell.MobileTest" name="tearDown" time="1.623"/>
  <testcase classname="android.cell.WebAppTest" name="webAppOne" time="0.001"/>
  <testcase classname="android.cell.WebAppTest" name="webAppTwo" time="0.0"/>
</testsuite> <!-- Command line test -->
