<?xml version="1.0" encoding="UTF-8" ?>
<testsuite tests="5" failures="1" name="TestSuite" time="2.024" errors="0" skipped="0">
  <properties>
[...]
</properties>
  <testcase classname="android.cell.MobileTest" name="androidMobile" time="0.013"/>
  <testcase classname="android.cell.MobileTest" name="androidTablet" time="0.396">
    <failure message="expected:&lt;[Amazon.com: Online Shopping for Electronics, Apparel, Computers, Books, DVDs &amp; more]&gt; but was:&lt;[CNN - Breaking News, Latest News and Videos]&gt;" type="org.junit.ComparisonFailure">org.junit.ComparisonFailure: expected:&lt;[Amazon.com: Online Shopping for Electronics, Apparel, Computers, Books, DVDs &amp; more]&gt; but was:&lt;[CNN - Breaking News, Latest News and Videos]&gt;
	at org.junit.Assert.assertEquals(Assert.java:115)
	at org.junit.Assert.assertEquals(Assert.java:144)
	at android.cell.MobileTest.androidTablet(MobileTest.java:35)
</failure>
    <system-out>Testing android tablet
CNN - Breaking News, Latest News and Videos
</system-out>
  </testcase>
  <testcase classname="android.cell.MobileTest" name="tearDown" time="1.613"/>
  <testcase classname="android.cell.WebAppTest" name="webAppOne" time="0.001"/>
  <testcase classname="android.cell.WebAppTest" name="webAppTwo" time="0.001"/>
</testsuite>