<?xml version="1.0" encoding="UTF-8"?>
<testng-results ignored="0" total="2" passed="2" failed="0" skipped="0">
  <reporter-output>
  </reporter-output>
  <suite started-at="2020-12-05T17:29:28 CST" name="Default suite" finished-at="2020-12-05T17:29:28 CST" duration-ms="143">
    <groups>
    </groups>
    <test started-at="2020-12-05T17:29:28 CST" name="Default test" finished-at="2020-12-05T17:29:28 CST" duration-ms="143">
      <class name="android.cell.ApiFramework">
        <test-method signature="myApiOne()[pri:0, instance:android.cell.ApiFramework@7b227d8d]" started-at="2020-12-05T17:29:28 CST" name="myApiOne" finished-at="2020-12-05T17:29:28 CST" duration-ms="29" status="PASS">
          <reporter-output>
          </reporter-output>
        </test-method> <!-- myApiOne -->
        <test-method signature="myApiTwo()[pri:0, instance:android.cell.ApiFramework@7b227d8d]" started-at="2020-12-05T17:29:28 CST" name="myApiTwo" finished-at="2020-12-05T17:29:28 CST" duration-ms="2" status="PASS">
          <reporter-output>
          </reporter-output>
        </test-method> <!-- myApiTwo -->
      </class> <!-- android.cell.ApiFramework -->
    </test> <!-- Default test -->
  </suite> <!-- Default suite -->
</testng-results>
